<?xml version="1.0" encoding="UTF-8"?>
<testsuite xmlns:xsi="http://www.w3.org/2001/XMLSchema-instance" xsi:noNamespaceSchemaLocation="https://maven.apache.org/surefire/maven-surefire-plugin/xsd/surefire-test-report.xsd" version="3.0.2" name="com.LLD1.OOPs.OoPsApplicationTests" time="1.024" tests="1" errors="0" skipped="0" failures="0" flakes="0">
  <properties>
[...]
</properties>
  <testcase name="contextLoads" classname="com.LLD1.OOPs.OoPsApplicationTests" time="0.426">
    <system-out><![CDATA[21:00:52.588 [main] INFO org.springframework.test.context.support.AnnotationConfigContextLoaderUtils -- Could not detect default configuration classes for test class [com.LLD1.OOPs.OoPsApplicationTests]: OoPsApplicationTests does not declare any static, non-private, non-final, nested classes annotated with @Configuration.
21:00:52.645 [main] INFO org.springframework.boot.test.context.SpringBootTestContextBootstrapper -- Found @SpringBootConfiguration com.LLD1.OOPs.OoPsApplication for test class com.LLD1.OOPs.OoPsApplicationTests
21:00:52.693 [main] INFO org.springframework.test.context.support.AnnotationConfigContextLoaderUtils -- Could not detect default configuration classes for test class [com.LLD1.OOPs.OoPsApplicationTests]: OoPsApplicationTests does not declare any static, non-private, non-final, nested classes annotated with @Configuration.
21:00:52.694 [main] INFO org.springframework.boot.test.context.SpringBootTestContextBootstrapper -- Found @SpringBootConfiguration com.LLD1.OOPs.OoPsApplication for test class com.LLD1.OOPs.OoPsApplicationTests

  .   ____          _            __ _ _
 /\\ / ___'_ __ _ _(_)_ __  __ _ \ \ \ \
( ( )\___ | '_ | '_| | '_ \/ _` | \ \ \ \
 \\/  ___)| |_)| | | | | || (_| |  ) ) ) )
  '  |____| .__|_| |_|_| |_\__, | / / / /
 =========|_|==============|___/=/_/_/_/

 :: Spring Boot ::                (v4.1.0)

2026-08-10T21:00:52.870+05:30  INFO 95241 --- [OOPs] [           main] com.LLD1.OOPs.OoPsApplicationTests       : Starting OoPsApplicationTests using Java 17.0.11 with PID 95241 (started by raghavendragore in /Users/raghavendragore/Documents/Scaler/LLD-GitHub/LLD-1-OOPs)
2026-08-10T21:00:52.871+05:30  INFO 95241 --- [OOPs] [           main] com.LLD1.OOPs.OoPsApplicationTests       : No active profile set, falling back to 1 default profile: "default"
2026-08-10T21:00:53.061+05:30  INFO 95241 --- [OOPs] [           main] com.LLD1.OOPs.OoPsApplicationTests       : Started OoPsApplicationTests in 0.335 seconds (process running for 0.988)
]]></system-out>
  </testcase>
</testsuite>